{
  "stats": {
    "suites": 1,
    "tests": 1,
    "passes": 0,
    "pending": 0,
    "failures": 1,
    "testsRegistered": 1,
    "passPercent": 0,
    "pendingPercent": 0,
    "other": 0,
    "hasOther": false,
    "skipped": 0,
    "hasSkipped": false,
    "start": "2025-05-30T23:23:43.669Z",
    "end": "2025-05-30T23:23:44.015Z",
    "duration": 346
  },
  "results": [
    {
      "uuid": "ec67069c-1f05-4a35-953f-db681cc0b75d",
      "title": "",
      "fullFile": "cypress/e2e/purchaseFlow.cy.js",
      "file": "cypress/e2e/purchaseFlow.cy.js",
      "beforeHooks": [],
      "afterHooks": [],
      "tests": [],
      "suites": [
        {
          "uuid": "adf8b6ea-827d-4bdb-8897-f6a07e02375e",
          "title": "Complete Purchase Flow using POM",
          "fullFile": "",
          "file": "",
          "beforeHooks": [],
          "afterHooks": [],
          "tests": [
            {
              "title": "Should complete the entire flow successfully",
              "fullTitle": "Complete Purchase Flow using POM Should complete the entire flow successfully",
              "timedOut": null,
              "duration": 306,
              "state": "failed",
              "speed": null,
              "pass": false,
              "fail": true,
              "pending": false,
              "context": null,
              "code": "const quantity = Math.floor(Math.random() * 20) + 1;\n// Step 1: Visit the homepage\n_HomePage.default.visitHomePage();\n// Step 2: Navigate to the Products page\n_HomePage.default.goToProducts();\n// Step 3: Select the third product from the list\n_ProductPage.default.selectProduct3(quantity);\n// Step 4: Enter a random quantity between 1 and 20\n_CartPage.default.validateProduct(quantity);\n// Step 6: View the cart and Proceed to checkout\n_CartPage.default.proceedToCheckout();\n// Step 7:  Register a new user with random data\n_CartPage.default.goToLoginPage();\n// Step 8: Proceed to checkout again after registration\n_SignupPage.default.fillSignupForm();\n//Step 9: Confirm the order\n_PaymentPage.default.completeOrder();\n_ConfirmationPage.default.validateOrderSuccess();\n// Step 10: Log out of the account\n_CartPage.default.logout();\n_ConfirmationPage.default.logout();",
              "err": {
                "message": "TypeError: _CartPage.default.logout is not a function",
                "estack": "TypeError: _CartPage.default.logout is not a function\n    at Context.eval (webpack://qa-automation-test/./cypress/e2e/purchaseFlow.cy.js:38:13)\n    at runnable.fn (http://localhost:52223/__cypress/runner/cypress_runner.js:141400:19)\n    at callFn (http://localhost:52223/__cypress/runner/cypress_runner.js:160478:21)\n    at Runnable.run (http://localhost:52223/__cypress/runner/cypress_runner.js:160465:7)\n    at <unknown> (http://localhost:52223/__cypress/runner/cypress_runner.js:166537:30)\n    at PassThroughHandlerContext.finallyHandler (http://localhost:52223/__cypress/runner/cypress_runner.js:4042:23)\n    at PassThroughHandlerContext.tryCatcher (http://localhost:52223/__cypress/runner/cypress_runner.js:1777:23)\n    at Promise._settlePromiseFromHandler (http://localhost:52223/__cypress/runner/cypress_runner.js:1489:31)\n    at Promise._settlePromise (http://localhost:52223/__cypress/runner/cypress_runner.js:1546:18)",
                "diff": null
              },
              "uuid": "a7247330-2414-4f3d-a693-23a17cd726e6",
              "parentUUID": "adf8b6ea-827d-4bdb-8897-f6a07e02375e",
              "isHook": false,
              "skipped": false
            }
          ],
          "suites": [],
          "passes": [],
          "failures": [
            "a7247330-2414-4f3d-a693-23a17cd726e6"
          ],
          "pending": [],
          "skipped": [],
          "duration": 306,
          "root": false,
          "rootEmpty": false,
          "_timeout": 2000
        }
      ],
      "passes": [],
      "failures": [],
      "pending": [],
      "skipped": [],
      "duration": 0,
      "root": true,
      "rootEmpty": true,
      "_timeout": 2000
    }
  ],
  "meta": {
    "mocha": {
      "version": "7.2.0"
    },
    "mochawesome": {
      "options": {
        "quiet": false,
        "reportFilename": "mochawesome",
        "saveHtml": true,
        "saveJson": true,
        "consoleReporter": "spec",
        "useInlineDiffs": false,
        "code": true
      },
      "version": "7.1.3"
    },
    "marge": {
      "options": {
        "reportDir": "cypress/reports/mochawesome-report",
        "overwrite": false,
        "html": true,
        "json": true
      },
      "version": "6.2.0"
    }
  }
}