{
  "stats": {
    "suites": 1,
    "tests": 1,
    "passes": 1,
    "pending": 0,
    "failures": 0,
    "start": "2025-05-31T17:06:53.838Z",
    "end": "2025-05-31T17:08:07.491Z",
    "duration": 73653,
    "testsRegistered": 1,
    "passPercent": 100,
    "pendingPercent": 0,
    "other": 0,
    "hasOther": false,
    "skipped": 0,
    "hasSkipped": false
  },
  "results": [
    {
      "uuid": "f12e8d92-16b3-4eff-9d17-2293e1161859",
      "title": "",
      "fullFile": "cypress/e2e/purchaseFlow.cy.js",
      "file": "cypress/e2e/purchaseFlow.cy.js",
      "beforeHooks": [],
      "afterHooks": [],
      "tests": [],
      "suites": [
        {
          "uuid": "110d6cb6-4836-4f82-a52f-ddfbe357c563",
          "title": "Complete Purchase Flow using POM",
          "fullFile": "",
          "file": "",
          "beforeHooks": [],
          "afterHooks": [],
          "tests": [
            {
              "title": "Should complete the entire flow successfully and pass accessibility and performance audits",
              "fullTitle": "Complete Purchase Flow using POM Should complete the entire flow successfully and pass accessibility and performance audits",
              "timedOut": null,
              "duration": 70386,
              "state": "passed",
              "speed": "slow",
              "pass": true,
              "fail": false,
              "pending": false,
              "context": null,
              "code": "const quantity = Math.floor(Math.random() * 20) + 1;\n// Step 1: Visit the homepage\n_HomePage.default.visitHomePage();\n// Testes de acessibilidade e desempenho usando Lighthouse e Pa11y\ncy.lighthouse({\n  accessibility: true,\n  performance: true,\n  'best-practices': true,\n  seo: true\n});\ncy.pa11y();\n// Step 2: Navigate to the Products page\n_HomePage.default.goToProducts();\n// Step 3: Select the third product from the list\n_ProductPage.default.selectProduct3(quantity);\n// Step 4: Enter a random quantity between 1 e 20\n_CartPage.default.validateProduct(quantity);\n// Step 6: View the cart and Proceed to checkout\n_CartPage.default.proceedToCheckout();\n// Step 7: Register a new user with random data\n_CartPage.default.goToLoginPage();\n// Step 8: Proceed to checkout again after registration\n_SignupPage.default.fillSignupForm();\n// Step 9: Confirm the order\n_PaymentPage.default.completeOrder();\n_ConfirmationPage.default.validateOrderSuccess();\n// Step 10: Log out of the account\n_ConfirmationPage.default.logout();",
              "err": {},
              "uuid": "02bab8f1-b63f-4c1c-a055-1a50dc8563df",
              "parentUUID": "110d6cb6-4836-4f82-a52f-ddfbe357c563",
              "isHook": false,
              "skipped": false
            }
          ],
          "suites": [],
          "passes": [
            "02bab8f1-b63f-4c1c-a055-1a50dc8563df"
          ],
          "failures": [],
          "pending": [],
          "skipped": [],
          "duration": 70386,
          "root": false,
          "rootEmpty": false,
          "_timeout": 2000
        }
      ],
      "passes": [],
      "failures": [],
      "pending": [],
      "skipped": [],
      "duration": 0,
      "root": true,
      "rootEmpty": true,
      "_timeout": 2000
    }
  ],
  "meta": {
    "mocha": {
      "version": "7.2.0"
    },
    "mochawesome": {
      "options": {
        "quiet": false,
        "reportFilename": "mochawesome",
        "saveHtml": true,
        "saveJson": true,
        "consoleReporter": "spec",
        "useInlineDiffs": false,
        "code": true
      },
      "version": "7.1.3"
    },
    "marge": {
      "options": {
        "reportDir": "cypress/reports/mochawesome-report",
        "overwrite": false,
        "html": true,
        "json": true
      },
      "version": "6.2.0"
    }
  }
}